<?xml version="1.0" encoding="UTF-8"?>
<!-- Generated by org.testng.reporters.JUnitReportReporter -->
<testsuite hostname="Oludotun_Home" name="cucumberTest.SeleniumTest" tests="1" failures="0" timestamp="16 Jul 2016 17:15:13 GMT" time="12.036" errors="0">
  <testcase name="main" time="12.036" classname="cucumberTest.SeleniumTest"/>
</testsuite> <!-- cucumberTest.SeleniumTest -->
